<?xml version="1.0" encoding="UTF-8"?>
<testsuite name="MovieTest" tests="2" skipped="0" failures="0" errors="0" timestamp="2018-09-23T08:24:07" hostname="ISAs-MacBook-Pro.local" time="0.001">
  <properties/>
  <testcase name="getDirector" classname="MovieTest" time="0.0"/>
  <testcase name="getRating" classname="MovieTest" time="0.001"/>
  <system-out><![CDATA[]]></system-out>
  <system-err><![CDATA[]]></system-err>
</testsuite>
