<?xml version="1.0" encoding="UTF-8"?>
<testsuite name="UserTest" tests="7" skipped="0" failures="0" errors="0" timestamp="2018-09-23T08:24:07" hostname="ISAs-MacBook-Pro.local" time="0.001">
  <properties/>
  <testcase name="getPassword" classname="UserTest" time="0.0"/>
  <testcase name="getName" classname="UserTest" time="0.0"/>
  <testcase name="getRole" classname="UserTest" time="0.0"/>
  <testcase name="getNumber" classname="UserTest" time="0.0"/>
  <testcase name="getLoginStatus" classname="UserTest" time="0.0"/>
  <testcase name="getLibraryNumber" classname="UserTest" time="0.0"/>
  <testcase name="getEmail" classname="UserTest" time="0.0"/>
  <system-out><![CDATA[]]></system-out>
  <system-err><![CDATA[]]></system-err>
</testsuite>
