<?xml version="1.0" encoding="UTF-8"?>
<testsuite name="ProfileTest" tests="2" skipped="0" failures="0" errors="0" timestamp="2018-09-23T08:24:06" hostname="ISAs-MacBook-Pro.local" time="0.001">
  <properties/>
  <testcase name="checkUserInput" classname="ProfileTest" time="0.0"/>
  <testcase name="printProfile" classname="ProfileTest" time="0.0"/>
  <system-out><![CDATA[]]></system-out>
  <system-err><![CDATA[]]></system-err>
</testsuite>
